Performing C SOURCE FILE Test CMAKE_HAVE_LIBC_PTHREAD failed with the following output:
Change Dir: /home/khaled/auc/Day3/catkin_ws/build/CMakeFiles/CMakeTmp

Run Build Command(s):/usr/bin/make cmTC_bb675/fast && /usr/bin/make  -f CMakeFiles/cmTC_bb675.dir/build.make CMakeFiles/cmTC_bb675.dir/build
make[1]: Entering directory '/home/khaled/auc/Day3/catkin_ws/build/CMakeFiles/CMakeTmp'
Building C object CMakeFiles/cmTC_bb675.dir/src.c.o
/usr/bin/cc   -DCMAKE_HAVE_LIBC_PTHREAD -o CMakeFiles/cmTC_bb675.dir/src.c.o -c /home/khaled/auc/Day3/catkin_ws/build/CMakeFiles/CMakeTmp/src.c
Linking C executable cmTC_bb675
/opt/cmake-3.18.0-rc1-Linux-x86_64/bin/cmake -E cmake_link_script CMakeFiles/cmTC_bb675.dir/link.txt --verbose=1
/usr/bin/cc  -DCMAKE_HAVE_LIBC_PTHREAD -rdynamic CMakeFiles/cmTC_bb675.dir/src.c.o -o cmTC_bb675 
CMakeFiles/cmTC_bb675.dir/src.c.o: In function `main':
src.c:(.text+0x3c): undefined reference to `pthread_create'
src.c:(.text+0x48): undefined reference to `pthread_detach'
src.c:(.text+0x54): undefined reference to `pthread_cancel'
src.c:(.text+0x65): undefined reference to `pthread_join'
src.c:(.text+0x79): undefined reference to `pthread_atfork'
collect2: error: ld returned 1 exit status
CMakeFiles/cmTC_bb675.dir/build.make:106: recipe for target 'cmTC_bb675' failed
make[1]: *** [cmTC_bb675] Error 1
make[1]: Leaving directory '/home/khaled/auc/Day3/catkin_ws/build/CMakeFiles/CMakeTmp'
Makefile:141: recipe for target 'cmTC_bb675/fast' failed
make: *** [cmTC_bb675/fast] Error 2


Source file was:
#include <pthread.h>

void* test_func(void* data)
{
  return data;
}

int main(void)
{
  pthread_t thread;
  pthread_create(&thread, NULL, test_func, NULL);
  pthread_detach(thread);
  pthread_cancel(thread);
  pthread_join(thread, NULL);
  pthread_atfork(NULL, NULL, NULL);
  pthread_exit(NULL);

  return 0;
}

Determining if the function pthread_create exists in the pthreads failed with the following output:
Change Dir: /home/khaled/auc/Day3/catkin_ws/build/CMakeFiles/CMakeTmp

Run Build Command(s):/usr/bin/make cmTC_3a04f/fast && /usr/bin/make  -f CMakeFiles/cmTC_3a04f.dir/build.make CMakeFiles/cmTC_3a04f.dir/build
make[1]: Entering directory '/home/khaled/auc/Day3/catkin_ws/build/CMakeFiles/CMakeTmp'
Building C object CMakeFiles/cmTC_3a04f.dir/CheckFunctionExists.c.o
/usr/bin/cc   -DCHECK_FUNCTION_EXISTS=pthread_create -o CMakeFiles/cmTC_3a04f.dir/CheckFunctionExists.c.o -c /opt/cmake-3.18.0-rc1-Linux-x86_64/share/cmake-3.18/Modules/CheckFunctionExists.c
Linking C executable cmTC_3a04f
/opt/cmake-3.18.0-rc1-Linux-x86_64/bin/cmake -E cmake_link_script CMakeFiles/cmTC_3a04f.dir/link.txt --verbose=1
/usr/bin/cc  -DCHECK_FUNCTION_EXISTS=pthread_create -rdynamic CMakeFiles/cmTC_3a04f.dir/CheckFunctionExists.c.o -o cmTC_3a04f  -lpthreads 
/usr/bin/ld: cannot find -lpthreads
collect2: error: ld returned 1 exit status
CMakeFiles/cmTC_3a04f.dir/build.make:106: recipe for target 'cmTC_3a04f' failed
make[1]: *** [cmTC_3a04f] Error 1
make[1]: Leaving directory '/home/khaled/auc/Day3/catkin_ws/build/CMakeFiles/CMakeTmp'
Makefile:141: recipe for target 'cmTC_3a04f/fast' failed
make: *** [cmTC_3a04f/fast] Error 2



Determining if the pthread_create exist failed with the following output:
Change Dir: /home/khaled/auc/Day3/catkin_ws/build/CMakeFiles/CMakeTmp

Run Build Command:"/usr/bin/make" "cmTC_3f279/fast"
/usr/bin/make -f CMakeFiles/cmTC_3f279.dir/build.make CMakeFiles/cmTC_3f279.dir/build
make[1]: Entering directory '/home/khaled/auc/Day3/catkin_ws/build/CMakeFiles/CMakeTmp'
Building C object CMakeFiles/cmTC_3f279.dir/CheckSymbolExists.c.o
/usr/bin/cc    -o CMakeFiles/cmTC_3f279.dir/CheckSymbolExists.c.o   -c /home/khaled/auc/Day3/catkin_ws/build/CMakeFiles/CMakeTmp/CheckSymbolExists.c
Linking C executable cmTC_3f279
/usr/bin/cmake -E cmake_link_script CMakeFiles/cmTC_3f279.dir/link.txt --verbose=1
/usr/bin/cc      -rdynamic CMakeFiles/cmTC_3f279.dir/CheckSymbolExists.c.o  -o cmTC_3f279 
CMakeFiles/cmTC_3f279.dir/CheckSymbolExists.c.o: In function `main':
CheckSymbolExists.c:(.text+0x1b): undefined reference to `pthread_create'
collect2: error: ld returned 1 exit status
CMakeFiles/cmTC_3f279.dir/build.make:97: recipe for target 'cmTC_3f279' failed
make[1]: *** [cmTC_3f279] Error 1
make[1]: Leaving directory '/home/khaled/auc/Day3/catkin_ws/build/CMakeFiles/CMakeTmp'
Makefile:126: recipe for target 'cmTC_3f279/fast' failed
make: *** [cmTC_3f279/fast] Error 2

File /home/khaled/auc/Day3/catkin_ws/build/CMakeFiles/CMakeTmp/CheckSymbolExists.c:
/* */
#include <pthread.h>

int main(int argc, char** argv)
{
  (void)argv;
#ifndef pthread_create
  return ((int*)(&pthread_create))[argc];
#else
  (void)argc;
  return 0;
#endif
}

