Determining if the pthread_create exist failed with the following output:
Change Dir: /home/khaled/auc/Day6/auc_ws/build/CMakeFiles/CMakeTmp

Run Build Command:"/usr/bin/make" "cmTC_aee12/fast"
/usr/bin/make -f CMakeFiles/cmTC_aee12.dir/build.make CMakeFiles/cmTC_aee12.dir/build
make[1]: Entering directory '/home/khaled/auc/Day6/auc_ws/build/CMakeFiles/CMakeTmp'
Building C object CMakeFiles/cmTC_aee12.dir/CheckSymbolExists.c.o
/usr/bin/cc     -o CMakeFiles/cmTC_aee12.dir/CheckSymbolExists.c.o   -c /home/khaled/auc/Day6/auc_ws/build/CMakeFiles/CMakeTmp/CheckSymbolExists.c
Linking C executable cmTC_aee12
/usr/bin/cmake -E cmake_link_script CMakeFiles/cmTC_aee12.dir/link.txt --verbose=1
/usr/bin/cc       CMakeFiles/cmTC_aee12.dir/CheckSymbolExists.c.o  -o cmTC_aee12 -rdynamic 
CMakeFiles/cmTC_aee12.dir/CheckSymbolExists.c.o: In function `main':
CheckSymbolExists.c:(.text+0x16): undefined reference to `pthread_create'
collect2: error: ld returned 1 exit status
CMakeFiles/cmTC_aee12.dir/build.make:97: recipe for target 'cmTC_aee12' failed
make[1]: *** [cmTC_aee12] Error 1
make[1]: Leaving directory '/home/khaled/auc/Day6/auc_ws/build/CMakeFiles/CMakeTmp'
Makefile:126: recipe for target 'cmTC_aee12/fast' failed
make: *** [cmTC_aee12/fast] Error 2

File /home/khaled/auc/Day6/auc_ws/build/CMakeFiles/CMakeTmp/CheckSymbolExists.c:
/* */
#include <pthread.h>

int main(int argc, char** argv)
{
  (void)argv;
#ifndef pthread_create
  return ((int*)(&pthread_create))[argc];
#else
  (void)argc;
  return 0;
#endif
}

Determining if the function pthread_create exists in the pthreads failed with the following output:
Change Dir: /home/khaled/auc/Day6/auc_ws/build/CMakeFiles/CMakeTmp

Run Build Command:"/usr/bin/make" "cmTC_38e75/fast"
/usr/bin/make -f CMakeFiles/cmTC_38e75.dir/build.make CMakeFiles/cmTC_38e75.dir/build
make[1]: Entering directory '/home/khaled/auc/Day6/auc_ws/build/CMakeFiles/CMakeTmp'
Building C object CMakeFiles/cmTC_38e75.dir/CheckFunctionExists.c.o
/usr/bin/cc    -DCHECK_FUNCTION_EXISTS=pthread_create   -o CMakeFiles/cmTC_38e75.dir/CheckFunctionExists.c.o   -c /usr/share/cmake-3.5/Modules/CheckFunctionExists.c
Linking C executable cmTC_38e75
/usr/bin/cmake -E cmake_link_script CMakeFiles/cmTC_38e75.dir/link.txt --verbose=1
/usr/bin/cc   -DCHECK_FUNCTION_EXISTS=pthread_create    CMakeFiles/cmTC_38e75.dir/CheckFunctionExists.c.o  -o cmTC_38e75 -rdynamic -lpthreads 
/usr/bin/ld: cannot find -lpthreads
collect2: error: ld returned 1 exit status
CMakeFiles/cmTC_38e75.dir/build.make:97: recipe for target 'cmTC_38e75' failed
make[1]: *** [cmTC_38e75] Error 1
make[1]: Leaving directory '/home/khaled/auc/Day6/auc_ws/build/CMakeFiles/CMakeTmp'
Makefile:126: recipe for target 'cmTC_38e75/fast' failed
make: *** [cmTC_38e75/fast] Error 2


